<?xml version="1.0" encoding="UTF-8"?>
<!-- Generated by org.testng.reporters.JUnitReportReporter -->
<testsuite skipped="0" hostname="TM-PC" name="com.TestCases.T1_ValidateRegisterLink" tests="1" failures="0" timestamp="23 Nov 2018 03:22:10 GMT" time="26.027" errors="0">
  <testcase name="validateRegisterLink" time="26.027" classname="com.TestCases.T1_ValidateRegisterLink"/>
</testsuite> <!-- com.TestCases.T1_ValidateRegisterLink -->
